[2026-01-13 22:39:18] production.ERROR: SQLSTATE[HY000] [1045] Access denied for user 'forge'@'localhost' (using password: NO) (Connection: mysql, SQL: select table_name as `name`, (data_length + index_length) as `size`, table_comment as `comment`, engine as `engine`, table_collation as `collation` from information_schema.tables where table_schema = 'forge' and table_type in ('BASE TABLE', 'SYSTEM VERSIONED') order by table_name) {"exception":"[object] (Illuminate\\Database\\QueryException(code: 1045): SQLSTATE[HY000] [1045] Access denied for user 'forge'@'localhost' (using password: NO) (Connection: mysql, SQL: select table_name as `name`, (data_length + index_length) as `size`, table_comment as `comment`, engine as `engine`, table_collation as `collation` from information_schema.tables where table_schema = 'forge' and table_type in ('BASE TABLE', 'SYSTEM VERSIONED') order by table_name) at C:/Users/USUARIO/Desktop/tallerADS/arquitecturaMicroServicios/LumenReviewsApi/vendor/illuminate/database/Connection.php:829)
[stacktrace]
#0 C:/Users/USUARIO/Desktop/tallerADS/arquitecturaMicroServicios/LumenReviewsApi/vendor/illuminate/database/Connection.php(783): Illuminate/Database/Connection->runQueryCallback('select table_na...', Array, Object(Closure))
#1 C:/Users/USUARIO/Desktop/tallerADS/arquitecturaMicroServicios/LumenReviewsApi/vendor/illuminate/database/Connection.php(414): Illuminate/Database/Connection->run('select table_na...', Array, Object(Closure))
#2 C:/Users/USUARIO/Desktop/tallerADS/arquitecturaMicroServicios/LumenReviewsApi/vendor/illuminate/database/Connection.php(401): Illuminate/Database/Connection->select('select table_na...', Array, false)
#3 C:/Users/USUARIO/Desktop/tallerADS/arquitecturaMicroServicios/LumenReviewsApi/vendor/illuminate/database/Schema/MySqlBuilder.php(41): Illuminate/Database/Connection->selectFromWriteConnection('select table_na...')
#4 C:/Users/USUARIO/Desktop/tallerADS/arquitecturaMicroServicios/LumenReviewsApi/vendor/illuminate/database/Schema/Builder.php(165): Illuminate/Database/Schema/MySqlBuilder->getTables(false)
#5 C:/Users/USUARIO/Desktop/tallerADS/arquitecturaMicroServicios/LumenReviewsApi/vendor/illuminate/database/Migrations/DatabaseMigrationRepository.php(184): Illuminate/Database/Schema/Builder->hasTable('migrations')
#6 C:/Users/USUARIO/Desktop/tallerADS/arquitecturaMicroServicios/LumenReviewsApi/vendor/illuminate/database/Migrations/Migrator.php(727): Illuminate/Database/Migrations/DatabaseMigrationRepository->repositoryExists()
#7 C:/Users/USUARIO/Desktop/tallerADS/arquitecturaMicroServicios/LumenReviewsApi/vendor/illuminate/database/Console/Migrations/MigrateCommand.php(140): Illuminate/Database/Migrations/Migrator->repositoryExists()
#8 C:/Users/USUARIO/Desktop/tallerADS/arquitecturaMicroServicios/LumenReviewsApi/vendor/illuminate/support/helpers.php(261): Illuminate/Database/Console/Migrations/MigrateCommand->{closure:Illuminate/Database/Console/Migrations/MigrateCommand::repositoryExists():140}(1)
#9 C:/Users/USUARIO/Desktop/tallerADS/arquitecturaMicroServicios/LumenReviewsApi/vendor/illuminate/database/Console/Migrations/MigrateCommand.php(140): retry(1, Object(Closure), 0, Object(Closure))
#10 C:/Users/USUARIO/Desktop/tallerADS/arquitecturaMicroServicios/LumenReviewsApi/vendor/illuminate/database/Console/Migrations/MigrateCommand.php(116): Illuminate/Database/Console/Migrations/MigrateCommand->repositoryExists()
#11 C:/Users/USUARIO/Desktop/tallerADS/arquitecturaMicroServicios/LumenReviewsApi/vendor/illuminate/database/Console/Migrations/MigrateCommand.php(84): Illuminate/Database/Console/Migrations/MigrateCommand->prepareDatabase()
#12 C:/Users/USUARIO/Desktop/tallerADS/arquitecturaMicroServicios/LumenReviewsApi/vendor/illuminate/database/Migrations/Migrator.php(641): Illuminate/Database/Console/Migrations/MigrateCommand->{closure:Illuminate/Database/Console/Migrations/MigrateCommand::handle():83}()
#13 C:/Users/USUARIO/Desktop/tallerADS/arquitecturaMicroServicios/LumenReviewsApi/vendor/illuminate/database/Console/Migrations/MigrateCommand.php(83): Illuminate/Database/Migrations/Migrator->usingConnection(NULL, Object(Closure))
#14 C:/Users/USUARIO/Desktop/tallerADS/arquitecturaMicroServicios/LumenReviewsApi/vendor/illuminate/container/BoundMethod.php(36): Illuminate/Database/Console/Migrations/MigrateCommand->handle()
#15 C:/Users/USUARIO/Desktop/tallerADS/arquitecturaMicroServicios/LumenReviewsApi/vendor/illuminate/container/Util.php(41): Illuminate/Container/BoundMethod::{closure:Illuminate/Container/BoundMethod::call():35}()
#16 C:/Users/USUARIO/Desktop/tallerADS/arquitecturaMicroServicios/LumenReviewsApi/vendor/illuminate/container/BoundMethod.php(93): Illuminate/Container/Util::unwrapIfClosure(Object(Closure))
#17 C:/Users/USUARIO/Desktop/tallerADS/arquitecturaMicroServicios/LumenReviewsApi/vendor/illuminate/container/BoundMethod.php(35): Illuminate/Container/BoundMethod::callBoundMethod(Object(Laravel/Lumen/Application), Array, Object(Closure))
#18 C:/Users/USUARIO/Desktop/tallerADS/arquitecturaMicroServicios/LumenReviewsApi/vendor/illuminate/container/Container.php(662): Illuminate/Container/BoundMethod::call(Object(Laravel/Lumen/Application), Array, Array, NULL)
#19 C:/Users/USUARIO/Desktop/tallerADS/arquitecturaMicroServicios/LumenReviewsApi/vendor/illuminate/console/Command.php(211): Illuminate/Container/Container->call(Array)
#20 C:/Users/USUARIO/Desktop/tallerADS/arquitecturaMicroServicios/LumenReviewsApi/vendor/symfony/console/Command/Command.php(326): Illuminate/Console/Command->execute(Object(Symfony/Component/Console/Input/ArgvInput), Object(Illuminate/Console/OutputStyle))
#21 C:/Users/USUARIO/Desktop/tallerADS/arquitecturaMicroServicios/LumenReviewsApi/vendor/illuminate/console/Command.php(180): Symfony/Component/Console/Command/Command->run(Object(Symfony/Component/Console/Input/ArgvInput), Object(Illuminate/Console/OutputStyle))
#22 C:/Users/USUARIO/Desktop/tallerADS/arquitecturaMicroServicios/LumenReviewsApi/vendor/symfony/console/Application.php(1083): Illuminate/Console/Command->run(Object(Symfony/Component/Console/Input/ArgvInput), Object(Symfony/Component/Console/Output/ConsoleOutput))
#23 C:/Users/USUARIO/Desktop/tallerADS/arquitecturaMicroServicios/LumenReviewsApi/vendor/symfony/console/Application.php(324): Symfony/Component/Console/Application->doRunCommand(Object(Illuminate/Database/Console/Migrations/MigrateCommand), Object(Symfony/Component/Console/Input/ArgvInput), Object(Symfony/Component/Console/Output/ConsoleOutput))
#24 C:/Users/USUARIO/Desktop/tallerADS/arquitecturaMicroServicios/LumenReviewsApi/vendor/symfony/console/Application.php(175): Symfony/Component/Console/Application->doRun(Object(Symfony/Component/Console/Input/ArgvInput), Object(Symfony/Component/Console/Output/ConsoleOutput))
#25 C:/Users/USUARIO/Desktop/tallerADS/arquitecturaMicroServicios/LumenReviewsApi/vendor/laravel/lumen-framework/src/Console/Kernel.php(160): Symfony/Component/Console/Application->run(Object(Symfony/Component/Console/Input/ArgvInput), Object(Symfony/Component/Console/Output/ConsoleOutput))
#26 C:/Users/USUARIO/Desktop/tallerADS/arquitecturaMicroServicios/LumenReviewsApi/artisan(13): Laravel/Lumen/Console/Kernel->handle(Object(Symfony/Component/Console/Input/ArgvInput), Object(Symfony/Component/Console/Output/ConsoleOutput))
#27 {main}

[previous exception] [object] (PDOException(code: 1045): SQLSTATE[HY000] [1045] Access denied for user 'forge'@'localhost' (using password: NO) at C:/Users/USUARIO/Desktop/tallerADS/arquitecturaMicroServicios/LumenReviewsApi/vendor/illuminate/database/Connectors/Connector.php:65)
[stacktrace]
#0 C:/Users/USUARIO/Desktop/tallerADS/arquitecturaMicroServicios/LumenReviewsApi/vendor/illuminate/database/Connectors/Connector.php(65): PDO->__construct('mysql:host=127....', 'forge', Object(SensitiveParameterValue), Array)
#1 C:/Users/USUARIO/Desktop/tallerADS/arquitecturaMicroServicios/LumenReviewsApi/vendor/illuminate/database/Connectors/Connector.php(44): Illuminate/Database/Connectors/Connector->createPdoConnection('mysql:host=127....', 'forge', '', Array)
#2 C:/Users/USUARIO/Desktop/tallerADS/arquitecturaMicroServicios/LumenReviewsApi/vendor/illuminate/database/Connectors/MySqlConnector.php(24): Illuminate/Database/Connectors/Connector->createConnection('mysql:host=127....', Array, Array)
#3 C:/Users/USUARIO/Desktop/tallerADS/arquitecturaMicroServicios/LumenReviewsApi/vendor/illuminate/database/Connectors/ConnectionFactory.php(184): Illuminate/Database/Connectors/MySqlConnector->connect(Array)
#4 [internal function]: Illuminate/Database/Connectors/ConnectionFactory->{closure:Illuminate/Database/Connectors/ConnectionFactory::createPdoResolverWithHosts():179}()
#5 C:/Users/USUARIO/Desktop/tallerADS/arquitecturaMicroServicios/LumenReviewsApi/vendor/illuminate/database/Connection.php(1339): call_user_func(Object(Closure))
#6 C:/Users/USUARIO/Desktop/tallerADS/arquitecturaMicroServicios/LumenReviewsApi/vendor/illuminate/database/Connection.php(528): Illuminate/Database/Connection->getPdo()
#7 C:/Users/USUARIO/Desktop/tallerADS/arquitecturaMicroServicios/LumenReviewsApi/vendor/illuminate/database/Connection.php(423): Illuminate/Database/Connection->getPdoForSelect(false)
#8 C:/Users/USUARIO/Desktop/tallerADS/arquitecturaMicroServicios/LumenReviewsApi/vendor/illuminate/database/Connection.php(816): Illuminate/Database/Connection->{closure:Illuminate/Database/Connection::select():414}('select table_na...', Array)
#9 C:/Users/USUARIO/Desktop/tallerADS/arquitecturaMicroServicios/LumenReviewsApi/vendor/illuminate/database/Connection.php(783): Illuminate/Database/Connection->runQueryCallback('select table_na...', Array, Object(Closure))
#10 C:/Users/USUARIO/Desktop/tallerADS/arquitecturaMicroServicios/LumenReviewsApi/vendor/illuminate/database/Connection.php(414): Illuminate/Database/Connection->run('select table_na...', Array, Object(Closure))
#11 C:/Users/USUARIO/Desktop/tallerADS/arquitecturaMicroServicios/LumenReviewsApi/vendor/illuminate/database/Connection.php(401): Illuminate/Database/Connection->select('select table_na...', Array, false)
#12 C:/Users/USUARIO/Desktop/tallerADS/arquitecturaMicroServicios/LumenReviewsApi/vendor/illuminate/database/Schema/MySqlBuilder.php(41): Illuminate/Database/Connection->selectFromWriteConnection('select table_na...')
#13 C:/Users/USUARIO/Desktop/tallerADS/arquitecturaMicroServicios/LumenReviewsApi/vendor/illuminate/database/Schema/Builder.php(165): Illuminate/Database/Schema/MySqlBuilder->getTables(false)
#14 C:/Users/USUARIO/Desktop/tallerADS/arquitecturaMicroServicios/LumenReviewsApi/vendor/illuminate/database/Migrations/DatabaseMigrationRepository.php(184): Illuminate/Database/Schema/Builder->hasTable('migrations')
#15 C:/Users/USUARIO/Desktop/tallerADS/arquitecturaMicroServicios/LumenReviewsApi/vendor/illuminate/database/Migrations/Migrator.php(727): Illuminate/Database/Migrations/DatabaseMigrationRepository->repositoryExists()
#16 C:/Users/USUARIO/Desktop/tallerADS/arquitecturaMicroServicios/LumenReviewsApi/vendor/illuminate/database/Console/Migrations/MigrateCommand.php(140): Illuminate/Database/Migrations/Migrator->repositoryExists()
#17 C:/Users/USUARIO/Desktop/tallerADS/arquitecturaMicroServicios/LumenReviewsApi/vendor/illuminate/support/helpers.php(261): Illuminate/Database/Console/Migrations/MigrateCommand->{closure:Illuminate/Database/Console/Migrations/MigrateCommand::repositoryExists():140}(1)
#18 C:/Users/USUARIO/Desktop/tallerADS/arquitecturaMicroServicios/LumenReviewsApi/vendor/illuminate/database/Console/Migrations/MigrateCommand.php(140): retry(1, Object(Closure), 0, Object(Closure))
#19 C:/Users/USUARIO/Desktop/tallerADS/arquitecturaMicroServicios/LumenReviewsApi/vendor/illuminate/database/Console/Migrations/MigrateCommand.php(116): Illuminate/Database/Console/Migrations/MigrateCommand->repositoryExists()
#20 C:/Users/USUARIO/Desktop/tallerADS/arquitecturaMicroServicios/LumenReviewsApi/vendor/illuminate/database/Console/Migrations/MigrateCommand.php(84): Illuminate/Database/Console/Migrations/MigrateCommand->prepareDatabase()
#21 C:/Users/USUARIO/Desktop/tallerADS/arquitecturaMicroServicios/LumenReviewsApi/vendor/illuminate/database/Migrations/Migrator.php(641): Illuminate/Database/Console/Migrations/MigrateCommand->{closure:Illuminate/Database/Console/Migrations/MigrateCommand::handle():83}()
#22 C:/Users/USUARIO/Desktop/tallerADS/arquitecturaMicroServicios/LumenReviewsApi/vendor/illuminate/database/Console/Migrations/MigrateCommand.php(83): Illuminate/Database/Migrations/Migrator->usingConnection(NULL, Object(Closure))
#23 C:/Users/USUARIO/Desktop/tallerADS/arquitecturaMicroServicios/LumenReviewsApi/vendor/illuminate/container/BoundMethod.php(36): Illuminate/Database/Console/Migrations/MigrateCommand->handle()
#24 C:/Users/USUARIO/Desktop/tallerADS/arquitecturaMicroServicios/LumenReviewsApi/vendor/illuminate/container/Util.php(41): Illuminate/Container/BoundMethod::{closure:Illuminate/Container/BoundMethod::call():35}()
#25 C:/Users/USUARIO/Desktop/tallerADS/arquitecturaMicroServicios/LumenReviewsApi/vendor/illuminate/container/BoundMethod.php(93): Illuminate/Container/Util::unwrapIfClosure(Object(Closure))
#26 C:/Users/USUARIO/Desktop/tallerADS/arquitecturaMicroServicios/LumenReviewsApi/vendor/illuminate/container/BoundMethod.php(35): Illuminate/Container/BoundMethod::callBoundMethod(Object(Laravel/Lumen/Application), Array, Object(Closure))
#27 C:/Users/USUARIO/Desktop/tallerADS/arquitecturaMicroServicios/LumenReviewsApi/vendor/illuminate/container/Container.php(662): Illuminate/Container/BoundMethod::call(Object(Laravel/Lumen/Application), Array, Array, NULL)
#28 C:/Users/USUARIO/Desktop/tallerADS/arquitecturaMicroServicios/LumenReviewsApi/vendor/illuminate/console/Command.php(211): Illuminate/Container/Container->call(Array)
#29 C:/Users/USUARIO/Desktop/tallerADS/arquitecturaMicroServicios/LumenReviewsApi/vendor/symfony/console/Command/Command.php(326): Illuminate/Console/Command->execute(Object(Symfony/Component/Console/Input/ArgvInput), Object(Illuminate/Console/OutputStyle))
#30 C:/Users/USUARIO/Desktop/tallerADS/arquitecturaMicroServicios/LumenReviewsApi/vendor/illuminate/console/Command.php(180): Symfony/Component/Console/Command/Command->run(Object(Symfony/Component/Console/Input/ArgvInput), Object(Illuminate/Console/OutputStyle))
#31 C:/Users/USUARIO/Desktop/tallerADS/arquitecturaMicroServicios/LumenReviewsApi/vendor/symfony/console/Application.php(1083): Illuminate/Console/Command->run(Object(Symfony/Component/Console/Input/ArgvInput), Object(Symfony/Component/Console/Output/ConsoleOutput))
#32 C:/Users/USUARIO/Desktop/tallerADS/arquitecturaMicroServicios/LumenReviewsApi/vendor/symfony/console/Application.php(324): Symfony/Component/Console/Application->doRunCommand(Object(Illuminate/Database/Console/Migrations/MigrateCommand), Object(Symfony/Component/Console/Input/ArgvInput), Object(Symfony/Component/Console/Output/ConsoleOutput))
#33 C:/Users/USUARIO/Desktop/tallerADS/arquitecturaMicroServicios/LumenReviewsApi/vendor/symfony/console/Application.php(175): Symfony/Component/Console/Application->doRun(Object(Symfony/Component/Console/Input/ArgvInput), Object(Symfony/Component/Console/Output/ConsoleOutput))
#34 C:/Users/USUARIO/Desktop/tallerADS/arquitecturaMicroServicios/LumenReviewsApi/vendor/laravel/lumen-framework/src/Console/Kernel.php(160): Symfony/Component/Console/Application->run(Object(Symfony/Component/Console/Input/ArgvInput), Object(Symfony/Component/Console/Output/ConsoleOutput))
#35 C:/Users/USUARIO/Desktop/tallerADS/arquitecturaMicroServicios/LumenReviewsApi/artisan(13): Laravel/Lumen/Console/Kernel->handle(Object(Symfony/Component/Console/Input/ArgvInput), Object(Symfony/Component/Console/Output/ConsoleOutput))
#36 {main}
"} 
[2026-01-13 22:42:30] local.ERROR: SQLSTATE[HY000] [1045] Access denied for user 'root'@'localhost' (using password: NO) (Connection: mysql, SQL: select table_name as `name`, (data_length + index_length) as `size`, table_comment as `comment`, engine as `engine`, table_collation as `collation` from information_schema.tables where table_schema = 'lumen_reviews' and table_type in ('BASE TABLE', 'SYSTEM VERSIONED') order by table_name) {"exception":"[object] (Illuminate\\Database\\QueryException(code: 1045): SQLSTATE[HY000] [1045] Access denied for user 'root'@'localhost' (using password: NO) (Connection: mysql, SQL: select table_name as `name`, (data_length + index_length) as `size`, table_comment as `comment`, engine as `engine`, table_collation as `collation` from information_schema.tables where table_schema = 'lumen_reviews' and table_type in ('BASE TABLE', 'SYSTEM VERSIONED') order by table_name) at C:/Users/USUARIO/Desktop/tallerADS/arquitecturaMicroServicios/LumenReviewsApi/vendor/illuminate/database/Connection.php:829)
[stacktrace]
#0 C:/Users/USUARIO/Desktop/tallerADS/arquitecturaMicroServicios/LumenReviewsApi/vendor/illuminate/database/Connection.php(783): Illuminate/Database/Connection->runQueryCallback('select table_na...', Array, Object(Closure))
#1 C:/Users/USUARIO/Desktop/tallerADS/arquitecturaMicroServicios/LumenReviewsApi/vendor/illuminate/database/Connection.php(414): Illuminate/Database/Connection->run('select table_na...', Array, Object(Closure))
#2 C:/Users/USUARIO/Desktop/tallerADS/arquitecturaMicroServicios/LumenReviewsApi/vendor/illuminate/database/Connection.php(401): Illuminate/Database/Connection->select('select table_na...', Array, false)
#3 C:/Users/USUARIO/Desktop/tallerADS/arquitecturaMicroServicios/LumenReviewsApi/vendor/illuminate/database/Schema/MySqlBuilder.php(41): Illuminate/Database/Connection->selectFromWriteConnection('select table_na...')
#4 C:/Users/USUARIO/Desktop/tallerADS/arquitecturaMicroServicios/LumenReviewsApi/vendor/illuminate/database/Schema/Builder.php(165): Illuminate/Database/Schema/MySqlBuilder->getTables(false)
#5 C:/Users/USUARIO/Desktop/tallerADS/arquitecturaMicroServicios/LumenReviewsApi/vendor/illuminate/database/Migrations/DatabaseMigrationRepository.php(184): Illuminate/Database/Schema/Builder->hasTable('migrations')
#6 C:/Users/USUARIO/Desktop/tallerADS/arquitecturaMicroServicios/LumenReviewsApi/vendor/illuminate/database/Migrations/Migrator.php(727): Illuminate/Database/Migrations/DatabaseMigrationRepository->repositoryExists()
#7 C:/Users/USUARIO/Desktop/tallerADS/arquitecturaMicroServicios/LumenReviewsApi/vendor/illuminate/database/Console/Migrations/MigrateCommand.php(140): Illuminate/Database/Migrations/Migrator->repositoryExists()
#8 C:/Users/USUARIO/Desktop/tallerADS/arquitecturaMicroServicios/LumenReviewsApi/vendor/illuminate/support/helpers.php(261): Illuminate/Database/Console/Migrations/MigrateCommand->{closure:Illuminate/Database/Console/Migrations/MigrateCommand::repositoryExists():140}(1)
#9 C:/Users/USUARIO/Desktop/tallerADS/arquitecturaMicroServicios/LumenReviewsApi/vendor/illuminate/database/Console/Migrations/MigrateCommand.php(140): retry(1, Object(Closure), 0, Object(Closure))
#10 C:/Users/USUARIO/Desktop/tallerADS/arquitecturaMicroServicios/LumenReviewsApi/vendor/illuminate/database/Console/Migrations/MigrateCommand.php(116): Illuminate/Database/Console/Migrations/MigrateCommand->repositoryExists()
#11 C:/Users/USUARIO/Desktop/tallerADS/arquitecturaMicroServicios/LumenReviewsApi/vendor/illuminate/database/Console/Migrations/MigrateCommand.php(84): Illuminate/Database/Console/Migrations/MigrateCommand->prepareDatabase()
#12 C:/Users/USUARIO/Desktop/tallerADS/arquitecturaMicroServicios/LumenReviewsApi/vendor/illuminate/database/Migrations/Migrator.php(641): Illuminate/Database/Console/Migrations/MigrateCommand->{closure:Illuminate/Database/Console/Migrations/MigrateCommand::handle():83}()
#13 C:/Users/USUARIO/Desktop/tallerADS/arquitecturaMicroServicios/LumenReviewsApi/vendor/illuminate/database/Console/Migrations/MigrateCommand.php(83): Illuminate/Database/Migrations/Migrator->usingConnection(NULL, Object(Closure))
#14 C:/Users/USUARIO/Desktop/tallerADS/arquitecturaMicroServicios/LumenReviewsApi/vendor/illuminate/container/BoundMethod.php(36): Illuminate/Database/Console/Migrations/MigrateCommand->handle()
#15 C:/Users/USUARIO/Desktop/tallerADS/arquitecturaMicroServicios/LumenReviewsApi/vendor/illuminate/container/Util.php(41): Illuminate/Container/BoundMethod::{closure:Illuminate/Container/BoundMethod::call():35}()
#16 C:/Users/USUARIO/Desktop/tallerADS/arquitecturaMicroServicios/LumenReviewsApi/vendor/illuminate/container/BoundMethod.php(93): Illuminate/Container/Util::unwrapIfClosure(Object(Closure))
#17 C:/Users/USUARIO/Desktop/tallerADS/arquitecturaMicroServicios/LumenReviewsApi/vendor/illuminate/container/BoundMethod.php(35): Illuminate/Container/BoundMethod::callBoundMethod(Object(Laravel/Lumen/Application), Array, Object(Closure))
#18 C:/Users/USUARIO/Desktop/tallerADS/arquitecturaMicroServicios/LumenReviewsApi/vendor/illuminate/container/Container.php(662): Illuminate/Container/BoundMethod::call(Object(Laravel/Lumen/Application), Array, Array, NULL)
#19 C:/Users/USUARIO/Desktop/tallerADS/arquitecturaMicroServicios/LumenReviewsApi/vendor/illuminate/console/Command.php(211): Illuminate/Container/Container->call(Array)
#20 C:/Users/USUARIO/Desktop/tallerADS/arquitecturaMicroServicios/LumenReviewsApi/vendor/symfony/console/Command/Command.php(326): Illuminate/Console/Command->execute(Object(Symfony/Component/Console/Input/ArgvInput), Object(Illuminate/Console/OutputStyle))
#21 C:/Users/USUARIO/Desktop/tallerADS/arquitecturaMicroServicios/LumenReviewsApi/vendor/illuminate/console/Command.php(180): Symfony/Component/Console/Command/Command->run(Object(Symfony/Component/Console/Input/ArgvInput), Object(Illuminate/Console/OutputStyle))
#22 C:/Users/USUARIO/Desktop/tallerADS/arquitecturaMicroServicios/LumenReviewsApi/vendor/symfony/console/Application.php(1083): Illuminate/Console/Command->run(Object(Symfony/Component/Console/Input/ArgvInput), Object(Symfony/Component/Console/Output/ConsoleOutput))
#23 C:/Users/USUARIO/Desktop/tallerADS/arquitecturaMicroServicios/LumenReviewsApi/vendor/symfony/console/Application.php(324): Symfony/Component/Console/Application->doRunCommand(Object(Illuminate/Database/Console/Migrations/MigrateCommand), Object(Symfony/Component/Console/Input/ArgvInput), Object(Symfony/Component/Console/Output/ConsoleOutput))
#24 C:/Users/USUARIO/Desktop/tallerADS/arquitecturaMicroServicios/LumenReviewsApi/vendor/symfony/console/Application.php(175): Symfony/Component/Console/Application->doRun(Object(Symfony/Component/Console/Input/ArgvInput), Object(Symfony/Component/Console/Output/ConsoleOutput))
#25 C:/Users/USUARIO/Desktop/tallerADS/arquitecturaMicroServicios/LumenReviewsApi/vendor/laravel/lumen-framework/src/Console/Kernel.php(160): Symfony/Component/Console/Application->run(Object(Symfony/Component/Console/Input/ArgvInput), Object(Symfony/Component/Console/Output/ConsoleOutput))
#26 C:/Users/USUARIO/Desktop/tallerADS/arquitecturaMicroServicios/LumenReviewsApi/artisan(13): Laravel/Lumen/Console/Kernel->handle(Object(Symfony/Component/Console/Input/ArgvInput), Object(Symfony/Component/Console/Output/ConsoleOutput))
#27 {main}

[previous exception] [object] (PDOException(code: 1045): SQLSTATE[HY000] [1045] Access denied for user 'root'@'localhost' (using password: NO) at C:/Users/USUARIO/Desktop/tallerADS/arquitecturaMicroServicios/LumenReviewsApi/vendor/illuminate/database/Connectors/Connector.php:65)
[stacktrace]
#0 C:/Users/USUARIO/Desktop/tallerADS/arquitecturaMicroServicios/LumenReviewsApi/vendor/illuminate/database/Connectors/Connector.php(65): PDO->__construct('mysql:host=127....', 'root', Object(SensitiveParameterValue), Array)
#1 C:/Users/USUARIO/Desktop/tallerADS/arquitecturaMicroServicios/LumenReviewsApi/vendor/illuminate/database/Connectors/Connector.php(44): Illuminate/Database/Connectors/Connector->createPdoConnection('mysql:host=127....', 'root', '', Array)
#2 C:/Users/USUARIO/Desktop/tallerADS/arquitecturaMicroServicios/LumenReviewsApi/vendor/illuminate/database/Connectors/MySqlConnector.php(24): Illuminate/Database/Connectors/Connector->createConnection('mysql:host=127....', Array, Array)
#3 C:/Users/USUARIO/Desktop/tallerADS/arquitecturaMicroServicios/LumenReviewsApi/vendor/illuminate/database/Connectors/ConnectionFactory.php(184): Illuminate/Database/Connectors/MySqlConnector->connect(Array)
#4 [internal function]: Illuminate/Database/Connectors/ConnectionFactory->{closure:Illuminate/Database/Connectors/ConnectionFactory::createPdoResolverWithHosts():179}()
#5 C:/Users/USUARIO/Desktop/tallerADS/arquitecturaMicroServicios/LumenReviewsApi/vendor/illuminate/database/Connection.php(1339): call_user_func(Object(Closure))
#6 C:/Users/USUARIO/Desktop/tallerADS/arquitecturaMicroServicios/LumenReviewsApi/vendor/illuminate/database/Connection.php(528): Illuminate/Database/Connection->getPdo()
#7 C:/Users/USUARIO/Desktop/tallerADS/arquitecturaMicroServicios/LumenReviewsApi/vendor/illuminate/database/Connection.php(423): Illuminate/Database/Connection->getPdoForSelect(false)
#8 C:/Users/USUARIO/Desktop/tallerADS/arquitecturaMicroServicios/LumenReviewsApi/vendor/illuminate/database/Connection.php(816): Illuminate/Database/Connection->{closure:Illuminate/Database/Connection::select():414}('select table_na...', Array)
#9 C:/Users/USUARIO/Desktop/tallerADS/arquitecturaMicroServicios/LumenReviewsApi/vendor/illuminate/database/Connection.php(783): Illuminate/Database/Connection->runQueryCallback('select table_na...', Array, Object(Closure))
#10 C:/Users/USUARIO/Desktop/tallerADS/arquitecturaMicroServicios/LumenReviewsApi/vendor/illuminate/database/Connection.php(414): Illuminate/Database/Connection->run('select table_na...', Array, Object(Closure))
#11 C:/Users/USUARIO/Desktop/tallerADS/arquitecturaMicroServicios/LumenReviewsApi/vendor/illuminate/database/Connection.php(401): Illuminate/Database/Connection->select('select table_na...', Array, false)
#12 C:/Users/USUARIO/Desktop/tallerADS/arquitecturaMicroServicios/LumenReviewsApi/vendor/illuminate/database/Schema/MySqlBuilder.php(41): Illuminate/Database/Connection->selectFromWriteConnection('select table_na...')
#13 C:/Users/USUARIO/Desktop/tallerADS/arquitecturaMicroServicios/LumenReviewsApi/vendor/illuminate/database/Schema/Builder.php(165): Illuminate/Database/Schema/MySqlBuilder->getTables(false)
#14 C:/Users/USUARIO/Desktop/tallerADS/arquitecturaMicroServicios/LumenReviewsApi/vendor/illuminate/database/Migrations/DatabaseMigrationRepository.php(184): Illuminate/Database/Schema/Builder->hasTable('migrations')
#15 C:/Users/USUARIO/Desktop/tallerADS/arquitecturaMicroServicios/LumenReviewsApi/vendor/illuminate/database/Migrations/Migrator.php(727): Illuminate/Database/Migrations/DatabaseMigrationRepository->repositoryExists()
#16 C:/Users/USUARIO/Desktop/tallerADS/arquitecturaMicroServicios/LumenReviewsApi/vendor/illuminate/database/Console/Migrations/MigrateCommand.php(140): Illuminate/Database/Migrations/Migrator->repositoryExists()
#17 C:/Users/USUARIO/Desktop/tallerADS/arquitecturaMicroServicios/LumenReviewsApi/vendor/illuminate/support/helpers.php(261): Illuminate/Database/Console/Migrations/MigrateCommand->{closure:Illuminate/Database/Console/Migrations/MigrateCommand::repositoryExists():140}(1)
#18 C:/Users/USUARIO/Desktop/tallerADS/arquitecturaMicroServicios/LumenReviewsApi/vendor/illuminate/database/Console/Migrations/MigrateCommand.php(140): retry(1, Object(Closure), 0, Object(Closure))
#19 C:/Users/USUARIO/Desktop/tallerADS/arquitecturaMicroServicios/LumenReviewsApi/vendor/illuminate/database/Console/Migrations/MigrateCommand.php(116): Illuminate/Database/Console/Migrations/MigrateCommand->repositoryExists()
#20 C:/Users/USUARIO/Desktop/tallerADS/arquitecturaMicroServicios/LumenReviewsApi/vendor/illuminate/database/Console/Migrations/MigrateCommand.php(84): Illuminate/Database/Console/Migrations/MigrateCommand->prepareDatabase()
#21 C:/Users/USUARIO/Desktop/tallerADS/arquitecturaMicroServicios/LumenReviewsApi/vendor/illuminate/database/Migrations/Migrator.php(641): Illuminate/Database/Console/Migrations/MigrateCommand->{closure:Illuminate/Database/Console/Migrations/MigrateCommand::handle():83}()
#22 C:/Users/USUARIO/Desktop/tallerADS/arquitecturaMicroServicios/LumenReviewsApi/vendor/illuminate/database/Console/Migrations/MigrateCommand.php(83): Illuminate/Database/Migrations/Migrator->usingConnection(NULL, Object(Closure))
#23 C:/Users/USUARIO/Desktop/tallerADS/arquitecturaMicroServicios/LumenReviewsApi/vendor/illuminate/container/BoundMethod.php(36): Illuminate/Database/Console/Migrations/MigrateCommand->handle()
#24 C:/Users/USUARIO/Desktop/tallerADS/arquitecturaMicroServicios/LumenReviewsApi/vendor/illuminate/container/Util.php(41): Illuminate/Container/BoundMethod::{closure:Illuminate/Container/BoundMethod::call():35}()
#25 C:/Users/USUARIO/Desktop/tallerADS/arquitecturaMicroServicios/LumenReviewsApi/vendor/illuminate/container/BoundMethod.php(93): Illuminate/Container/Util::unwrapIfClosure(Object(Closure))
#26 C:/Users/USUARIO/Desktop/tallerADS/arquitecturaMicroServicios/LumenReviewsApi/vendor/illuminate/container/BoundMethod.php(35): Illuminate/Container/BoundMethod::callBoundMethod(Object(Laravel/Lumen/Application), Array, Object(Closure))
#27 C:/Users/USUARIO/Desktop/tallerADS/arquitecturaMicroServicios/LumenReviewsApi/vendor/illuminate/container/Container.php(662): Illuminate/Container/BoundMethod::call(Object(Laravel/Lumen/Application), Array, Array, NULL)
#28 C:/Users/USUARIO/Desktop/tallerADS/arquitecturaMicroServicios/LumenReviewsApi/vendor/illuminate/console/Command.php(211): Illuminate/Container/Container->call(Array)
#29 C:/Users/USUARIO/Desktop/tallerADS/arquitecturaMicroServicios/LumenReviewsApi/vendor/symfony/console/Command/Command.php(326): Illuminate/Console/Command->execute(Object(Symfony/Component/Console/Input/ArgvInput), Object(Illuminate/Console/OutputStyle))
#30 C:/Users/USUARIO/Desktop/tallerADS/arquitecturaMicroServicios/LumenReviewsApi/vendor/illuminate/console/Command.php(180): Symfony/Component/Console/Command/Command->run(Object(Symfony/Component/Console/Input/ArgvInput), Object(Illuminate/Console/OutputStyle))
#31 C:/Users/USUARIO/Desktop/tallerADS/arquitecturaMicroServicios/LumenReviewsApi/vendor/symfony/console/Application.php(1083): Illuminate/Console/Command->run(Object(Symfony/Component/Console/Input/ArgvInput), Object(Symfony/Component/Console/Output/ConsoleOutput))
#32 C:/Users/USUARIO/Desktop/tallerADS/arquitecturaMicroServicios/LumenReviewsApi/vendor/symfony/console/Application.php(324): Symfony/Component/Console/Application->doRunCommand(Object(Illuminate/Database/Console/Migrations/MigrateCommand), Object(Symfony/Component/Console/Input/ArgvInput), Object(Symfony/Component/Console/Output/ConsoleOutput))
#33 C:/Users/USUARIO/Desktop/tallerADS/arquitecturaMicroServicios/LumenReviewsApi/vendor/symfony/console/Application.php(175): Symfony/Component/Console/Application->doRun(Object(Symfony/Component/Console/Input/ArgvInput), Object(Symfony/Component/Console/Output/ConsoleOutput))
#34 C:/Users/USUARIO/Desktop/tallerADS/arquitecturaMicroServicios/LumenReviewsApi/vendor/laravel/lumen-framework/src/Console/Kernel.php(160): Symfony/Component/Console/Application->run(Object(Symfony/Component/Console/Input/ArgvInput), Object(Symfony/Component/Console/Output/ConsoleOutput))
#35 C:/Users/USUARIO/Desktop/tallerADS/arquitecturaMicroServicios/LumenReviewsApi/artisan(13): Laravel/Lumen/Console/Kernel->handle(Object(Symfony/Component/Console/Input/ArgvInput), Object(Symfony/Component/Console/Output/ConsoleOutput))
#36 {main}
"} 
