[2026-01-14 02:54:39] local.ERROR: Database file at path [database/database.sqlite] does not exist. Ensure this is an absolute path to the database. (Connection: sqlite, SQL: select * from "reviews") {"exception":"[object] (Illuminate\\Database\\QueryException(code: 0): Database file at path [database/database.sqlite] does not exist. Ensure this is an absolute path to the database. (Connection: sqlite, SQL: select * from \"reviews\") at C:/Users/USUARIO/Desktop/tallerADS/arquitecturaMicroServicios/LumenReviewsApi/vendor/illuminate/database/Connection.php:829)
[stacktrace]
#0 C:/Users/USUARIO/Desktop/tallerADS/arquitecturaMicroServicios/LumenReviewsApi/vendor/illuminate/database/Connection.php(783): Illuminate/Database/Connection->runQueryCallback('select * from \"...', Array, Object(Closure))
#1 C:/Users/USUARIO/Desktop/tallerADS/arquitecturaMicroServicios/LumenReviewsApi/vendor/illuminate/database/Connection.php(414): Illuminate/Database/Connection->run('select * from \"...', Array, Object(Closure))
#2 C:/Users/USUARIO/Desktop/tallerADS/arquitecturaMicroServicios/LumenReviewsApi/vendor/illuminate/database/Query/Builder.php(2913): Illuminate/Database/Connection->select('select * from \"...', Array, true)
#3 C:/Users/USUARIO/Desktop/tallerADS/arquitecturaMicroServicios/LumenReviewsApi/vendor/illuminate/database/Query/Builder.php(2902): Illuminate/Database/Query/Builder->runSelect()
#4 C:/Users/USUARIO/Desktop/tallerADS/arquitecturaMicroServicios/LumenReviewsApi/vendor/illuminate/database/Query/Builder.php(3456): Illuminate/Database/Query/Builder->{closure:Illuminate/Database/Query/Builder::get():2901}()
#5 C:/Users/USUARIO/Desktop/tallerADS/arquitecturaMicroServicios/LumenReviewsApi/vendor/illuminate/database/Query/Builder.php(2901): Illuminate/Database/Query/Builder->onceWithColumns(Array, Object(Closure))
#6 C:/Users/USUARIO/Desktop/tallerADS/arquitecturaMicroServicios/LumenReviewsApi/vendor/illuminate/database/Eloquent/Builder.php(739): Illuminate/Database/Query/Builder->get(Array)
#7 C:/Users/USUARIO/Desktop/tallerADS/arquitecturaMicroServicios/LumenReviewsApi/vendor/illuminate/database/Eloquent/Builder.php(723): Illuminate/Database/Eloquent/Builder->getModels(Array)
#8 C:/Users/USUARIO/Desktop/tallerADS/arquitecturaMicroServicios/LumenReviewsApi/vendor/illuminate/database/Eloquent/Model.php(675): Illuminate/Database/Eloquent/Builder->get(Array)
#9 C:/Users/USUARIO/Desktop/tallerADS/arquitecturaMicroServicios/LumenReviewsApi/app/Http/Controllers/ReviewController.php(21): Illuminate/Database/Eloquent/Model::all()
#10 C:/Users/USUARIO/Desktop/tallerADS/arquitecturaMicroServicios/LumenReviewsApi/vendor/illuminate/container/BoundMethod.php(36): App/Http/Controllers/ReviewController->index()
#11 C:/Users/USUARIO/Desktop/tallerADS/arquitecturaMicroServicios/LumenReviewsApi/vendor/illuminate/container/Util.php(41): Illuminate/Container/BoundMethod::{closure:Illuminate/Container/BoundMethod::call():35}()
#12 C:/Users/USUARIO/Desktop/tallerADS/arquitecturaMicroServicios/LumenReviewsApi/vendor/illuminate/container/BoundMethod.php(93): Illuminate/Container/Util::unwrapIfClosure(Object(Closure))
#13 C:/Users/USUARIO/Desktop/tallerADS/arquitecturaMicroServicios/LumenReviewsApi/vendor/illuminate/container/BoundMethod.php(35): Illuminate/Container/BoundMethod::callBoundMethod(Object(Laravel/Lumen/Application), Array, Object(Closure))
#14 C:/Users/USUARIO/Desktop/tallerADS/arquitecturaMicroServicios/LumenReviewsApi/vendor/illuminate/container/Container.php(662): Illuminate/Container/BoundMethod::call(Object(Laravel/Lumen/Application), Array, Array, NULL)
#15 C:/Users/USUARIO/Desktop/tallerADS/arquitecturaMicroServicios/LumenReviewsApi/vendor/laravel/lumen-framework/src/Concerns/RoutesRequests.php(391): Illuminate/Container/Container->call(Array, Array)
#16 C:/Users/USUARIO/Desktop/tallerADS/arquitecturaMicroServicios/LumenReviewsApi/vendor/laravel/lumen-framework/src/Concerns/RoutesRequests.php(356): Laravel/Lumen/Application->callControllerCallable(Array, Array)
#17 C:/Users/USUARIO/Desktop/tallerADS/arquitecturaMicroServicios/LumenReviewsApi/vendor/laravel/lumen-framework/src/Concerns/RoutesRequests.php(331): Laravel/Lumen/Application->callLumenController(Object(App/Http/Controllers/ReviewController), 'index', Array)
#18 C:/Users/USUARIO/Desktop/tallerADS/arquitecturaMicroServicios/LumenReviewsApi/vendor/laravel/lumen-framework/src/Concerns/RoutesRequests.php(284): Laravel/Lumen/Application->callControllerAction(Array)
#19 C:/Users/USUARIO/Desktop/tallerADS/arquitecturaMicroServicios/LumenReviewsApi/vendor/laravel/lumen-framework/src/Concerns/RoutesRequests.php(269): Laravel/Lumen/Application->callActionOnArrayBasedRoute(Array)
#20 C:/Users/USUARIO/Desktop/tallerADS/arquitecturaMicroServicios/LumenReviewsApi/vendor/laravel/lumen-framework/src/Concerns/RoutesRequests.php(171): Laravel/Lumen/Application->handleFoundRoute(Array)
#21 C:/Users/USUARIO/Desktop/tallerADS/arquitecturaMicroServicios/LumenReviewsApi/vendor/laravel/lumen-framework/src/Concerns/RoutesRequests.php(431): Laravel/Lumen/Application->{closure:Laravel/Lumen/Concerns/RoutesRequests::dispatch():167}(Object(Laravel/Lumen/Http/Request))
#22 C:/Users/USUARIO/Desktop/tallerADS/arquitecturaMicroServicios/LumenReviewsApi/vendor/laravel/lumen-framework/src/Concerns/RoutesRequests.php(167): Laravel/Lumen/Application->sendThroughPipeline(Array, Object(Closure))
#23 C:/Users/USUARIO/Desktop/tallerADS/arquitecturaMicroServicios/LumenReviewsApi/vendor/laravel/lumen-framework/src/Concerns/RoutesRequests.php(112): Laravel/Lumen/Application->dispatch(NULL)
#24 C:/Users/USUARIO/Desktop/tallerADS/arquitecturaMicroServicios/LumenReviewsApi/public/index.php(17): Laravel/Lumen/Application->run()
#25 {main}

[previous exception] [object] (Illuminate\\Database\\SQLiteDatabaseDoesNotExistException(code: 0): Database file at path [database/database.sqlite] does not exist. Ensure this is an absolute path to the database. at C:/Users/USUARIO/Desktop/tallerADS/arquitecturaMicroServicios/LumenReviewsApi/vendor/illuminate/database/Connectors/SQLiteConnector.php:34)
[stacktrace]
#0 C:/Users/USUARIO/Desktop/tallerADS/arquitecturaMicroServicios/LumenReviewsApi/vendor/illuminate/database/Connectors/ConnectionFactory.php(221): Illuminate/Database/Connectors/SQLiteConnector->connect(Array)
#1 [internal function]: Illuminate/Database/Connectors/ConnectionFactory->{closure:Illuminate/Database/Connectors/ConnectionFactory::createPdoResolverWithoutHosts():221}()
#2 C:/Users/USUARIO/Desktop/tallerADS/arquitecturaMicroServicios/LumenReviewsApi/vendor/illuminate/database/Connection.php(1339): call_user_func(Object(Closure))
#3 C:/Users/USUARIO/Desktop/tallerADS/arquitecturaMicroServicios/LumenReviewsApi/vendor/illuminate/database/Connection.php(1375): Illuminate/Database/Connection->getPdo()
#4 C:/Users/USUARIO/Desktop/tallerADS/arquitecturaMicroServicios/LumenReviewsApi/vendor/illuminate/database/Connection.php(528): Illuminate/Database/Connection->getReadPdo()
#5 C:/Users/USUARIO/Desktop/tallerADS/arquitecturaMicroServicios/LumenReviewsApi/vendor/illuminate/database/Connection.php(423): Illuminate/Database/Connection->getPdoForSelect(true)
#6 C:/Users/USUARIO/Desktop/tallerADS/arquitecturaMicroServicios/LumenReviewsApi/vendor/illuminate/database/Connection.php(816): Illuminate/Database/Connection->{closure:Illuminate/Database/Connection::select():414}('select * from \"...', Array)
#7 C:/Users/USUARIO/Desktop/tallerADS/arquitecturaMicroServicios/LumenReviewsApi/vendor/illuminate/database/Connection.php(783): Illuminate/Database/Connection->runQueryCallback('select * from \"...', Array, Object(Closure))
#8 C:/Users/USUARIO/Desktop/tallerADS/arquitecturaMicroServicios/LumenReviewsApi/vendor/illuminate/database/Connection.php(414): Illuminate/Database/Connection->run('select * from \"...', Array, Object(Closure))
#9 C:/Users/USUARIO/Desktop/tallerADS/arquitecturaMicroServicios/LumenReviewsApi/vendor/illuminate/database/Query/Builder.php(2913): Illuminate/Database/Connection->select('select * from \"...', Array, true)
#10 C:/Users/USUARIO/Desktop/tallerADS/arquitecturaMicroServicios/LumenReviewsApi/vendor/illuminate/database/Query/Builder.php(2902): Illuminate/Database/Query/Builder->runSelect()
#11 C:/Users/USUARIO/Desktop/tallerADS/arquitecturaMicroServicios/LumenReviewsApi/vendor/illuminate/database/Query/Builder.php(3456): Illuminate/Database/Query/Builder->{closure:Illuminate/Database/Query/Builder::get():2901}()
#12 C:/Users/USUARIO/Desktop/tallerADS/arquitecturaMicroServicios/LumenReviewsApi/vendor/illuminate/database/Query/Builder.php(2901): Illuminate/Database/Query/Builder->onceWithColumns(Array, Object(Closure))
#13 C:/Users/USUARIO/Desktop/tallerADS/arquitecturaMicroServicios/LumenReviewsApi/vendor/illuminate/database/Eloquent/Builder.php(739): Illuminate/Database/Query/Builder->get(Array)
#14 C:/Users/USUARIO/Desktop/tallerADS/arquitecturaMicroServicios/LumenReviewsApi/vendor/illuminate/database/Eloquent/Builder.php(723): Illuminate/Database/Eloquent/Builder->getModels(Array)
#15 C:/Users/USUARIO/Desktop/tallerADS/arquitecturaMicroServicios/LumenReviewsApi/vendor/illuminate/database/Eloquent/Model.php(675): Illuminate/Database/Eloquent/Builder->get(Array)
#16 C:/Users/USUARIO/Desktop/tallerADS/arquitecturaMicroServicios/LumenReviewsApi/app/Http/Controllers/ReviewController.php(21): Illuminate/Database/Eloquent/Model::all()
#17 C:/Users/USUARIO/Desktop/tallerADS/arquitecturaMicroServicios/LumenReviewsApi/vendor/illuminate/container/BoundMethod.php(36): App/Http/Controllers/ReviewController->index()
#18 C:/Users/USUARIO/Desktop/tallerADS/arquitecturaMicroServicios/LumenReviewsApi/vendor/illuminate/container/Util.php(41): Illuminate/Container/BoundMethod::{closure:Illuminate/Container/BoundMethod::call():35}()
#19 C:/Users/USUARIO/Desktop/tallerADS/arquitecturaMicroServicios/LumenReviewsApi/vendor/illuminate/container/BoundMethod.php(93): Illuminate/Container/Util::unwrapIfClosure(Object(Closure))
#20 C:/Users/USUARIO/Desktop/tallerADS/arquitecturaMicroServicios/LumenReviewsApi/vendor/illuminate/container/BoundMethod.php(35): Illuminate/Container/BoundMethod::callBoundMethod(Object(Laravel/Lumen/Application), Array, Object(Closure))
#21 C:/Users/USUARIO/Desktop/tallerADS/arquitecturaMicroServicios/LumenReviewsApi/vendor/illuminate/container/Container.php(662): Illuminate/Container/BoundMethod::call(Object(Laravel/Lumen/Application), Array, Array, NULL)
#22 C:/Users/USUARIO/Desktop/tallerADS/arquitecturaMicroServicios/LumenReviewsApi/vendor/laravel/lumen-framework/src/Concerns/RoutesRequests.php(391): Illuminate/Container/Container->call(Array, Array)
#23 C:/Users/USUARIO/Desktop/tallerADS/arquitecturaMicroServicios/LumenReviewsApi/vendor/laravel/lumen-framework/src/Concerns/RoutesRequests.php(356): Laravel/Lumen/Application->callControllerCallable(Array, Array)
#24 C:/Users/USUARIO/Desktop/tallerADS/arquitecturaMicroServicios/LumenReviewsApi/vendor/laravel/lumen-framework/src/Concerns/RoutesRequests.php(331): Laravel/Lumen/Application->callLumenController(Object(App/Http/Controllers/ReviewController), 'index', Array)
#25 C:/Users/USUARIO/Desktop/tallerADS/arquitecturaMicroServicios/LumenReviewsApi/vendor/laravel/lumen-framework/src/Concerns/RoutesRequests.php(284): Laravel/Lumen/Application->callControllerAction(Array)
#26 C:/Users/USUARIO/Desktop/tallerADS/arquitecturaMicroServicios/LumenReviewsApi/vendor/laravel/lumen-framework/src/Concerns/RoutesRequests.php(269): Laravel/Lumen/Application->callActionOnArrayBasedRoute(Array)
#27 C:/Users/USUARIO/Desktop/tallerADS/arquitecturaMicroServicios/LumenReviewsApi/vendor/laravel/lumen-framework/src/Concerns/RoutesRequests.php(171): Laravel/Lumen/Application->handleFoundRoute(Array)
#28 C:/Users/USUARIO/Desktop/tallerADS/arquitecturaMicroServicios/LumenReviewsApi/vendor/laravel/lumen-framework/src/Concerns/RoutesRequests.php(431): Laravel/Lumen/Application->{closure:Laravel/Lumen/Concerns/RoutesRequests::dispatch():167}(Object(Laravel/Lumen/Http/Request))
#29 C:/Users/USUARIO/Desktop/tallerADS/arquitecturaMicroServicios/LumenReviewsApi/vendor/laravel/lumen-framework/src/Concerns/RoutesRequests.php(167): Laravel/Lumen/Application->sendThroughPipeline(Array, Object(Closure))
#30 C:/Users/USUARIO/Desktop/tallerADS/arquitecturaMicroServicios/LumenReviewsApi/vendor/laravel/lumen-framework/src/Concerns/RoutesRequests.php(112): Laravel/Lumen/Application->dispatch(NULL)
#31 C:/Users/USUARIO/Desktop/tallerADS/arquitecturaMicroServicios/LumenReviewsApi/public/index.php(17): Laravel/Lumen/Application->run()
#32 {main}
"} 
